[2025-12-05T20:48:18.594+0000] {taskinstance.py:1956} INFO - Dependencies all met for dep_context=non-requeueable deps ti=<TaskInstance: udemy_price_tracker_daily.prepare_login_daily_tracker scheduled__2025-12-03T23:00:00+00:00 [queued]>
[2025-12-05T20:48:18.603+0000] {taskinstance.py:1956} INFO - Dependencies all met for dep_context=requeueable deps ti=<TaskInstance: udemy_price_tracker_daily.prepare_login_daily_tracker scheduled__2025-12-03T23:00:00+00:00 [queued]>
[2025-12-05T20:48:18.603+0000] {taskinstance.py:2170} INFO - Starting attempt 1 of 1
[2025-12-05T20:48:18.617+0000] {taskinstance.py:2191} INFO - Executing <Task(BashOperator): prepare_login_daily_tracker> on 2025-12-03 23:00:00+00:00
[2025-12-05T20:48:18.623+0000] {standard_task_runner.py:60} INFO - Started process 16621 to run task
[2025-12-05T20:48:18.626+0000] {standard_task_runner.py:87} INFO - Running: ['***', 'tasks', 'run', 'udemy_price_tracker_daily', 'prepare_login_daily_tracker', 'scheduled__2025-12-03T23:00:00+00:00', '--job-id', '29', '--raw', '--subdir', 'DAGS_FOLDER/udemy_scraping_pipeline.py', '--cfg-path', '/tmp/tmppcsmte6j']
[2025-12-05T20:48:18.629+0000] {standard_task_runner.py:88} INFO - Job 29: Subtask prepare_login_daily_tracker
[2025-12-05T20:48:18.690+0000] {task_command.py:423} INFO - Running <TaskInstance: udemy_price_tracker_daily.prepare_login_daily_tracker scheduled__2025-12-03T23:00:00+00:00 [running]> on host a4bbc07b0b9a
[2025-12-05T20:48:18.784+0000] {taskinstance.py:2480} INFO - Exporting env vars: AIRFLOW_CTX_DAG_OWNER='***' AIRFLOW_CTX_DAG_ID='udemy_price_tracker_daily' AIRFLOW_CTX_TASK_ID='prepare_login_daily_tracker' AIRFLOW_CTX_EXECUTION_DATE='2025-12-03T23:00:00+00:00' AIRFLOW_CTX_TRY_NUMBER='1' AIRFLOW_CTX_DAG_RUN_ID='scheduled__2025-12-03T23:00:00+00:00'
[2025-12-05T20:48:18.788+0000] {subprocess.py:63} INFO - Tmp dir root location: /tmp
[2025-12-05T20:48:18.789+0000] {subprocess.py:75} INFO - Running command: ['/usr/bin/bash', '-c', 'cd /opt/***/project_scraper && xvfb-run --auto-servernum python3 /opt/***/project_scraper/udemy_login_auto.py']
[2025-12-05T20:48:18.805+0000] {subprocess.py:86} INFO - Output:
[2025-12-05T20:48:19.042+0000] {subprocess.py:93} INFO - [UDEMY LOGIN] 🔐 Dùng profile dir: /opt/***/udemy_profile
[2025-12-05T20:48:19.042+0000] {subprocess.py:93} INFO - [UDEMY LOGIN] 👤 Email: huhi2048@gmail.com
[2025-12-05T20:48:20.124+0000] {subprocess.py:93} INFO - [UDEMY LOGIN] 🌐 Mở trang chủ Udemy ...
[2025-12-05T20:48:31.421+0000] {subprocess.py:93} INFO - [UDEMY LOGIN] ℹ️ Chưa login. Bắt đầu auto login...
[2025-12-05T20:48:31.422+0000] {subprocess.py:93} INFO - [UDEMY LOGIN] 🌐 Mở trang login ...
[2025-12-05T20:48:36.665+0000] {subprocess.py:93} INFO - [UDEMY LOGIN] ⌛ Đợi input email/password...
[2025-12-05T20:49:36.686+0000] {subprocess.py:93} INFO - [UDEMY LOGIN] ❌ Lỗi thao tác: Page.wait_for_selector: Timeout 60000ms exceeded.
[2025-12-05T20:49:36.688+0000] {subprocess.py:93} INFO - Call log:
[2025-12-05T20:49:36.688+0000] {subprocess.py:93} INFO -   - waiting for locator("input[name=\"password\"]") to be visible
[2025-12-05T20:49:36.688+0000] {subprocess.py:93} INFO - 
[2025-12-05T20:49:36.689+0000] {subprocess.py:93} INFO - 👉 Hãy thử điền tay trên trình duyệt đang mở...
[2025-12-05T20:49:36.690+0000] {subprocess.py:93} INFO - [UDEMY LOGIN] ⏳ Đang chờ đăng nhập thành công (Tối đa 2 phút)...
[2025-12-05T20:49:36.690+0000] {subprocess.py:93} INFO - ⚠️ NẾU THẤY CAPTCHA, HÃY GIẢI BẰNG TAY TRÊN TRÌNH DUYỆT NGAY!
[2025-12-05T20:51:37.959+0000] {subprocess.py:93} INFO - [UDEMY LOGIN] ⚠️ Hết giờ. Chưa login được.
[2025-12-05T20:51:38.318+0000] {subprocess.py:97} INFO - Command exited with return code 0
[2025-12-05T20:51:38.348+0000] {taskinstance.py:1138} INFO - Marking task as SUCCESS. dag_id=udemy_price_tracker_daily, task_id=prepare_login_daily_tracker, execution_date=20251203T230000, start_date=20251205T204818, end_date=20251205T205138
[2025-12-05T20:51:38.399+0000] {local_task_job_runner.py:234} INFO - Task exited with return code 0
[2025-12-05T20:51:38.437+0000] {taskinstance.py:3280} INFO - 1 downstream tasks scheduled from follow-on schedule check
