[2025-12-04T17:37:28.321+0000] {processor.py:161} INFO - Started process (PID=568) to work on /opt/airflow/dags/udemy_scraping_pipeline.py
[2025-12-04T17:37:28.322+0000] {processor.py:830} INFO - Processing file /opt/airflow/dags/udemy_scraping_pipeline.py for tasks to queue
[2025-12-04T17:37:28.323+0000] {logging_mixin.py:188} INFO - [2025-12-04T17:37:28.323+0000] {dagbag.py:538} INFO - Filling up the DagBag from /opt/airflow/dags/udemy_scraping_pipeline.py
[2025-12-04T17:37:28.351+0000] {processor.py:840} INFO - DAG(s) 'udemy_dashboard_FULL_RUN', 'udemy_dashboard_TEST', 'udemy_price_tracker_daily' retrieved from /opt/airflow/dags/udemy_scraping_pipeline.py
[2025-12-04T17:37:28.383+0000] {logging_mixin.py:188} INFO - [2025-12-04T17:37:28.383+0000] {dag.py:3036} INFO - Sync 3 DAGs
[2025-12-04T17:37:28.403+0000] {logging_mixin.py:188} INFO - [2025-12-04T17:37:28.403+0000] {dag.py:3823} INFO - Setting next_dagrun for udemy_dashboard_FULL_RUN to None, run_after=None
[2025-12-04T17:37:28.407+0000] {logging_mixin.py:188} INFO - [2025-12-04T17:37:28.406+0000] {dag.py:3823} INFO - Setting next_dagrun for udemy_dashboard_TEST to None, run_after=None
[2025-12-04T17:37:28.410+0000] {logging_mixin.py:188} INFO - [2025-12-04T17:37:28.409+0000] {dag.py:3823} INFO - Setting next_dagrun for udemy_price_tracker_daily to 2025-12-03 05:00:00+00:00, run_after=2025-12-04 05:00:00+00:00
[2025-12-04T17:37:28.427+0000] {processor.py:183} INFO - Processing /opt/airflow/dags/udemy_scraping_pipeline.py took 0.111 seconds
[2025-12-04T17:37:58.776+0000] {processor.py:161} INFO - Started process (PID=585) to work on /opt/airflow/dags/udemy_scraping_pipeline.py
[2025-12-04T17:37:58.778+0000] {processor.py:830} INFO - Processing file /opt/airflow/dags/udemy_scraping_pipeline.py for tasks to queue
[2025-12-04T17:37:58.780+0000] {logging_mixin.py:188} INFO - [2025-12-04T17:37:58.780+0000] {dagbag.py:538} INFO - Filling up the DagBag from /opt/airflow/dags/udemy_scraping_pipeline.py
[2025-12-04T17:37:58.814+0000] {processor.py:840} INFO - DAG(s) 'udemy_dashboard_FULL_RUN', 'udemy_price_tracker_daily', 'udemy_dashboard_TEST' retrieved from /opt/airflow/dags/udemy_scraping_pipeline.py
[2025-12-04T17:37:58.850+0000] {logging_mixin.py:188} INFO - [2025-12-04T17:37:58.850+0000] {dag.py:3036} INFO - Sync 3 DAGs
[2025-12-04T17:37:58.876+0000] {logging_mixin.py:188} INFO - [2025-12-04T17:37:58.876+0000] {dag.py:3823} INFO - Setting next_dagrun for udemy_dashboard_FULL_RUN to None, run_after=None
[2025-12-04T17:37:58.880+0000] {logging_mixin.py:188} INFO - [2025-12-04T17:37:58.880+0000] {dag.py:3823} INFO - Setting next_dagrun for udemy_dashboard_TEST to None, run_after=None
[2025-12-04T17:37:58.884+0000] {logging_mixin.py:188} INFO - [2025-12-04T17:37:58.883+0000] {dag.py:3823} INFO - Setting next_dagrun for udemy_price_tracker_daily to 2025-12-03 05:00:00+00:00, run_after=2025-12-04 05:00:00+00:00
[2025-12-04T17:37:58.907+0000] {processor.py:183} INFO - Processing /opt/airflow/dags/udemy_scraping_pipeline.py took 0.134 seconds
[2025-12-04T17:38:29.229+0000] {processor.py:161} INFO - Started process (PID=609) to work on /opt/airflow/dags/udemy_scraping_pipeline.py
[2025-12-04T17:38:29.230+0000] {processor.py:830} INFO - Processing file /opt/airflow/dags/udemy_scraping_pipeline.py for tasks to queue
[2025-12-04T17:38:29.232+0000] {logging_mixin.py:188} INFO - [2025-12-04T17:38:29.232+0000] {dagbag.py:538} INFO - Filling up the DagBag from /opt/airflow/dags/udemy_scraping_pipeline.py
[2025-12-04T17:38:29.261+0000] {processor.py:840} INFO - DAG(s) 'udemy_dashboard_FULL_RUN', 'udemy_price_tracker_daily', 'udemy_dashboard_TEST' retrieved from /opt/airflow/dags/udemy_scraping_pipeline.py
[2025-12-04T17:38:29.304+0000] {logging_mixin.py:188} INFO - [2025-12-04T17:38:29.303+0000] {dag.py:3036} INFO - Sync 3 DAGs
[2025-12-04T17:38:29.330+0000] {logging_mixin.py:188} INFO - [2025-12-04T17:38:29.330+0000] {dag.py:3823} INFO - Setting next_dagrun for udemy_dashboard_FULL_RUN to None, run_after=None
[2025-12-04T17:38:29.334+0000] {logging_mixin.py:188} INFO - [2025-12-04T17:38:29.334+0000] {dag.py:3823} INFO - Setting next_dagrun for udemy_dashboard_TEST to None, run_after=None
[2025-12-04T17:38:29.338+0000] {logging_mixin.py:188} INFO - [2025-12-04T17:38:29.337+0000] {dag.py:3823} INFO - Setting next_dagrun for udemy_price_tracker_daily to 2025-12-03 05:00:00+00:00, run_after=2025-12-04 05:00:00+00:00
[2025-12-04T17:38:29.360+0000] {processor.py:183} INFO - Processing /opt/airflow/dags/udemy_scraping_pipeline.py took 0.135 seconds
[2025-12-04T17:38:59.733+0000] {processor.py:161} INFO - Started process (PID=626) to work on /opt/airflow/dags/udemy_scraping_pipeline.py
[2025-12-04T17:38:59.734+0000] {processor.py:830} INFO - Processing file /opt/airflow/dags/udemy_scraping_pipeline.py for tasks to queue
[2025-12-04T17:38:59.736+0000] {logging_mixin.py:188} INFO - [2025-12-04T17:38:59.736+0000] {dagbag.py:538} INFO - Filling up the DagBag from /opt/airflow/dags/udemy_scraping_pipeline.py
[2025-12-04T17:38:59.759+0000] {processor.py:840} INFO - DAG(s) 'udemy_dashboard_TEST', 'udemy_price_tracker_daily', 'udemy_dashboard_FULL_RUN' retrieved from /opt/airflow/dags/udemy_scraping_pipeline.py
[2025-12-04T17:38:59.793+0000] {logging_mixin.py:188} INFO - [2025-12-04T17:38:59.793+0000] {dag.py:3036} INFO - Sync 3 DAGs
[2025-12-04T17:38:59.812+0000] {logging_mixin.py:188} INFO - [2025-12-04T17:38:59.812+0000] {dag.py:3823} INFO - Setting next_dagrun for udemy_dashboard_FULL_RUN to None, run_after=None
[2025-12-04T17:38:59.816+0000] {logging_mixin.py:188} INFO - [2025-12-04T17:38:59.816+0000] {dag.py:3823} INFO - Setting next_dagrun for udemy_dashboard_TEST to None, run_after=None
[2025-12-04T17:38:59.820+0000] {logging_mixin.py:188} INFO - [2025-12-04T17:38:59.820+0000] {dag.py:3823} INFO - Setting next_dagrun for udemy_price_tracker_daily to 2025-12-03 05:00:00+00:00, run_after=2025-12-04 05:00:00+00:00
[2025-12-04T17:38:59.837+0000] {processor.py:183} INFO - Processing /opt/airflow/dags/udemy_scraping_pipeline.py took 0.107 seconds
[2025-12-04T17:39:30.104+0000] {processor.py:161} INFO - Started process (PID=643) to work on /opt/airflow/dags/udemy_scraping_pipeline.py
[2025-12-04T17:39:30.106+0000] {processor.py:830} INFO - Processing file /opt/airflow/dags/udemy_scraping_pipeline.py for tasks to queue
[2025-12-04T17:39:30.109+0000] {logging_mixin.py:188} INFO - [2025-12-04T17:39:30.108+0000] {dagbag.py:538} INFO - Filling up the DagBag from /opt/airflow/dags/udemy_scraping_pipeline.py
[2025-12-04T17:39:30.131+0000] {processor.py:840} INFO - DAG(s) 'udemy_dashboard_TEST', 'udemy_price_tracker_daily', 'udemy_dashboard_FULL_RUN' retrieved from /opt/airflow/dags/udemy_scraping_pipeline.py
[2025-12-04T17:39:30.161+0000] {logging_mixin.py:188} INFO - [2025-12-04T17:39:30.161+0000] {dag.py:3036} INFO - Sync 3 DAGs
[2025-12-04T17:39:30.181+0000] {logging_mixin.py:188} INFO - [2025-12-04T17:39:30.181+0000] {dag.py:3823} INFO - Setting next_dagrun for udemy_dashboard_FULL_RUN to None, run_after=None
[2025-12-04T17:39:30.185+0000] {logging_mixin.py:188} INFO - [2025-12-04T17:39:30.185+0000] {dag.py:3823} INFO - Setting next_dagrun for udemy_dashboard_TEST to None, run_after=None
[2025-12-04T17:39:30.188+0000] {logging_mixin.py:188} INFO - [2025-12-04T17:39:30.188+0000] {dag.py:3823} INFO - Setting next_dagrun for udemy_price_tracker_daily to 2025-12-03 05:00:00+00:00, run_after=2025-12-04 05:00:00+00:00
[2025-12-04T17:39:30.202+0000] {processor.py:183} INFO - Processing /opt/airflow/dags/udemy_scraping_pipeline.py took 0.102 seconds
[2025-12-04T17:40:00.512+0000] {processor.py:161} INFO - Started process (PID=667) to work on /opt/airflow/dags/udemy_scraping_pipeline.py
[2025-12-04T17:40:00.513+0000] {processor.py:830} INFO - Processing file /opt/airflow/dags/udemy_scraping_pipeline.py for tasks to queue
[2025-12-04T17:40:00.516+0000] {logging_mixin.py:188} INFO - [2025-12-04T17:40:00.515+0000] {dagbag.py:538} INFO - Filling up the DagBag from /opt/airflow/dags/udemy_scraping_pipeline.py
[2025-12-04T17:40:00.542+0000] {processor.py:840} INFO - DAG(s) 'udemy_dashboard_TEST', 'udemy_dashboard_FULL_RUN', 'udemy_price_tracker_daily' retrieved from /opt/airflow/dags/udemy_scraping_pipeline.py
[2025-12-04T17:40:00.582+0000] {logging_mixin.py:188} INFO - [2025-12-04T17:40:00.582+0000] {dag.py:3036} INFO - Sync 3 DAGs
[2025-12-04T17:40:00.607+0000] {logging_mixin.py:188} INFO - [2025-12-04T17:40:00.607+0000] {dag.py:3823} INFO - Setting next_dagrun for udemy_dashboard_FULL_RUN to None, run_after=None
[2025-12-04T17:40:00.611+0000] {logging_mixin.py:188} INFO - [2025-12-04T17:40:00.611+0000] {dag.py:3823} INFO - Setting next_dagrun for udemy_dashboard_TEST to None, run_after=None
[2025-12-04T17:40:00.614+0000] {logging_mixin.py:188} INFO - [2025-12-04T17:40:00.614+0000] {dag.py:3823} INFO - Setting next_dagrun for udemy_price_tracker_daily to 2025-12-03 05:00:00+00:00, run_after=2025-12-04 05:00:00+00:00
[2025-12-04T17:40:00.633+0000] {processor.py:183} INFO - Processing /opt/airflow/dags/udemy_scraping_pipeline.py took 0.126 seconds
[2025-12-04T17:40:30.881+0000] {processor.py:161} INFO - Started process (PID=683) to work on /opt/airflow/dags/udemy_scraping_pipeline.py
[2025-12-04T17:40:30.882+0000] {processor.py:830} INFO - Processing file /opt/airflow/dags/udemy_scraping_pipeline.py for tasks to queue
[2025-12-04T17:40:30.884+0000] {logging_mixin.py:188} INFO - [2025-12-04T17:40:30.884+0000] {dagbag.py:538} INFO - Filling up the DagBag from /opt/airflow/dags/udemy_scraping_pipeline.py
[2025-12-04T17:40:30.908+0000] {processor.py:840} INFO - DAG(s) 'udemy_price_tracker_daily', 'udemy_dashboard_TEST', 'udemy_dashboard_FULL_RUN' retrieved from /opt/airflow/dags/udemy_scraping_pipeline.py
[2025-12-04T17:40:31.010+0000] {logging_mixin.py:188} INFO - [2025-12-04T17:40:31.009+0000] {dag.py:3036} INFO - Sync 3 DAGs
[2025-12-04T17:40:31.031+0000] {logging_mixin.py:188} INFO - [2025-12-04T17:40:31.031+0000] {dag.py:3823} INFO - Setting next_dagrun for udemy_dashboard_FULL_RUN to None, run_after=None
[2025-12-04T17:40:31.035+0000] {logging_mixin.py:188} INFO - [2025-12-04T17:40:31.035+0000] {dag.py:3823} INFO - Setting next_dagrun for udemy_dashboard_TEST to None, run_after=None
[2025-12-04T17:40:31.040+0000] {logging_mixin.py:188} INFO - [2025-12-04T17:40:31.040+0000] {dag.py:3823} INFO - Setting next_dagrun for udemy_price_tracker_daily to 2025-12-03 05:00:00+00:00, run_after=2025-12-04 05:00:00+00:00
[2025-12-04T17:40:31.058+0000] {processor.py:183} INFO - Processing /opt/airflow/dags/udemy_scraping_pipeline.py took 0.180 seconds
[2025-12-04T17:41:01.307+0000] {processor.py:161} INFO - Started process (PID=707) to work on /opt/airflow/dags/udemy_scraping_pipeline.py
[2025-12-04T17:41:01.308+0000] {processor.py:830} INFO - Processing file /opt/airflow/dags/udemy_scraping_pipeline.py for tasks to queue
[2025-12-04T17:41:01.310+0000] {logging_mixin.py:188} INFO - [2025-12-04T17:41:01.309+0000] {dagbag.py:538} INFO - Filling up the DagBag from /opt/airflow/dags/udemy_scraping_pipeline.py
[2025-12-04T17:41:01.333+0000] {processor.py:840} INFO - DAG(s) 'udemy_dashboard_FULL_RUN', 'udemy_dashboard_TEST', 'udemy_price_tracker_daily' retrieved from /opt/airflow/dags/udemy_scraping_pipeline.py
[2025-12-04T17:41:01.369+0000] {logging_mixin.py:188} INFO - [2025-12-04T17:41:01.369+0000] {dag.py:3036} INFO - Sync 3 DAGs
[2025-12-04T17:41:01.388+0000] {logging_mixin.py:188} INFO - [2025-12-04T17:41:01.387+0000] {dag.py:3823} INFO - Setting next_dagrun for udemy_dashboard_FULL_RUN to None, run_after=None
[2025-12-04T17:41:01.391+0000] {logging_mixin.py:188} INFO - [2025-12-04T17:41:01.391+0000] {dag.py:3823} INFO - Setting next_dagrun for udemy_dashboard_TEST to None, run_after=None
[2025-12-04T17:41:01.394+0000] {logging_mixin.py:188} INFO - [2025-12-04T17:41:01.393+0000] {dag.py:3823} INFO - Setting next_dagrun for udemy_price_tracker_daily to 2025-12-03 05:00:00+00:00, run_after=2025-12-04 05:00:00+00:00
[2025-12-04T17:41:01.417+0000] {processor.py:183} INFO - Processing /opt/airflow/dags/udemy_scraping_pipeline.py took 0.113 seconds
[2025-12-04T17:41:31.702+0000] {processor.py:161} INFO - Started process (PID=724) to work on /opt/airflow/dags/udemy_scraping_pipeline.py
[2025-12-04T17:41:31.703+0000] {processor.py:830} INFO - Processing file /opt/airflow/dags/udemy_scraping_pipeline.py for tasks to queue
[2025-12-04T17:41:31.705+0000] {logging_mixin.py:188} INFO - [2025-12-04T17:41:31.705+0000] {dagbag.py:538} INFO - Filling up the DagBag from /opt/airflow/dags/udemy_scraping_pipeline.py
[2025-12-04T17:41:31.749+0000] {processor.py:840} INFO - DAG(s) 'udemy_price_tracker_daily', 'udemy_dashboard_FULL_RUN', 'udemy_dashboard_TEST' retrieved from /opt/airflow/dags/udemy_scraping_pipeline.py
[2025-12-04T17:41:31.782+0000] {logging_mixin.py:188} INFO - [2025-12-04T17:41:31.782+0000] {dag.py:3036} INFO - Sync 3 DAGs
[2025-12-04T17:41:31.804+0000] {logging_mixin.py:188} INFO - [2025-12-04T17:41:31.803+0000] {dag.py:3823} INFO - Setting next_dagrun for udemy_dashboard_FULL_RUN to None, run_after=None
[2025-12-04T17:41:31.808+0000] {logging_mixin.py:188} INFO - [2025-12-04T17:41:31.808+0000] {dag.py:3823} INFO - Setting next_dagrun for udemy_dashboard_TEST to None, run_after=None
[2025-12-04T17:41:31.811+0000] {logging_mixin.py:188} INFO - [2025-12-04T17:41:31.811+0000] {dag.py:3823} INFO - Setting next_dagrun for udemy_price_tracker_daily to 2025-12-03 05:00:00+00:00, run_after=2025-12-04 05:00:00+00:00
[2025-12-04T17:41:31.832+0000] {processor.py:183} INFO - Processing /opt/airflow/dags/udemy_scraping_pipeline.py took 0.133 seconds
[2025-12-04T17:42:02.093+0000] {processor.py:161} INFO - Started process (PID=741) to work on /opt/airflow/dags/udemy_scraping_pipeline.py
[2025-12-04T17:42:02.094+0000] {processor.py:830} INFO - Processing file /opt/airflow/dags/udemy_scraping_pipeline.py for tasks to queue
[2025-12-04T17:42:02.096+0000] {logging_mixin.py:188} INFO - [2025-12-04T17:42:02.096+0000] {dagbag.py:538} INFO - Filling up the DagBag from /opt/airflow/dags/udemy_scraping_pipeline.py
[2025-12-04T17:42:02.130+0000] {processor.py:840} INFO - DAG(s) 'udemy_price_tracker_daily', 'udemy_dashboard_FULL_RUN', 'udemy_dashboard_TEST' retrieved from /opt/airflow/dags/udemy_scraping_pipeline.py
[2025-12-04T17:42:02.158+0000] {logging_mixin.py:188} INFO - [2025-12-04T17:42:02.158+0000] {dag.py:3036} INFO - Sync 3 DAGs
[2025-12-04T17:42:02.176+0000] {logging_mixin.py:188} INFO - [2025-12-04T17:42:02.176+0000] {dag.py:3823} INFO - Setting next_dagrun for udemy_dashboard_FULL_RUN to None, run_after=None
[2025-12-04T17:42:02.183+0000] {logging_mixin.py:188} INFO - [2025-12-04T17:42:02.183+0000] {dag.py:3823} INFO - Setting next_dagrun for udemy_dashboard_TEST to None, run_after=None
[2025-12-04T17:42:02.187+0000] {logging_mixin.py:188} INFO - [2025-12-04T17:42:02.187+0000] {dag.py:3823} INFO - Setting next_dagrun for udemy_price_tracker_daily to 2025-12-03 05:00:00+00:00, run_after=2025-12-04 05:00:00+00:00
[2025-12-04T17:42:02.204+0000] {processor.py:183} INFO - Processing /opt/airflow/dags/udemy_scraping_pipeline.py took 0.115 seconds
[2025-12-04T17:42:32.456+0000] {processor.py:161} INFO - Started process (PID=765) to work on /opt/airflow/dags/udemy_scraping_pipeline.py
[2025-12-04T17:42:32.457+0000] {processor.py:830} INFO - Processing file /opt/airflow/dags/udemy_scraping_pipeline.py for tasks to queue
[2025-12-04T17:42:32.460+0000] {logging_mixin.py:188} INFO - [2025-12-04T17:42:32.459+0000] {dagbag.py:538} INFO - Filling up the DagBag from /opt/airflow/dags/udemy_scraping_pipeline.py
[2025-12-04T17:42:32.487+0000] {processor.py:840} INFO - DAG(s) 'udemy_dashboard_FULL_RUN', 'udemy_price_tracker_daily', 'udemy_dashboard_TEST' retrieved from /opt/airflow/dags/udemy_scraping_pipeline.py
[2025-12-04T17:42:32.516+0000] {logging_mixin.py:188} INFO - [2025-12-04T17:42:32.515+0000] {dag.py:3036} INFO - Sync 3 DAGs
[2025-12-04T17:42:32.534+0000] {logging_mixin.py:188} INFO - [2025-12-04T17:42:32.533+0000] {dag.py:3823} INFO - Setting next_dagrun for udemy_dashboard_FULL_RUN to None, run_after=None
[2025-12-04T17:42:32.537+0000] {logging_mixin.py:188} INFO - [2025-12-04T17:42:32.536+0000] {dag.py:3823} INFO - Setting next_dagrun for udemy_dashboard_TEST to None, run_after=None
[2025-12-04T17:42:32.539+0000] {logging_mixin.py:188} INFO - [2025-12-04T17:42:32.539+0000] {dag.py:3823} INFO - Setting next_dagrun for udemy_price_tracker_daily to 2025-12-03 05:00:00+00:00, run_after=2025-12-04 05:00:00+00:00
[2025-12-04T17:42:32.554+0000] {processor.py:183} INFO - Processing /opt/airflow/dags/udemy_scraping_pipeline.py took 0.102 seconds
[2025-12-04T17:43:02.864+0000] {processor.py:161} INFO - Started process (PID=782) to work on /opt/airflow/dags/udemy_scraping_pipeline.py
[2025-12-04T17:43:02.864+0000] {processor.py:830} INFO - Processing file /opt/airflow/dags/udemy_scraping_pipeline.py for tasks to queue
[2025-12-04T17:43:02.866+0000] {logging_mixin.py:188} INFO - [2025-12-04T17:43:02.866+0000] {dagbag.py:538} INFO - Filling up the DagBag from /opt/airflow/dags/udemy_scraping_pipeline.py
[2025-12-04T17:43:02.889+0000] {processor.py:840} INFO - DAG(s) 'udemy_price_tracker_daily', 'udemy_dashboard_TEST', 'udemy_dashboard_FULL_RUN' retrieved from /opt/airflow/dags/udemy_scraping_pipeline.py
[2025-12-04T17:43:02.919+0000] {logging_mixin.py:188} INFO - [2025-12-04T17:43:02.919+0000] {dag.py:3036} INFO - Sync 3 DAGs
[2025-12-04T17:43:02.936+0000] {logging_mixin.py:188} INFO - [2025-12-04T17:43:02.936+0000] {dag.py:3823} INFO - Setting next_dagrun for udemy_dashboard_FULL_RUN to None, run_after=None
[2025-12-04T17:43:02.939+0000] {logging_mixin.py:188} INFO - [2025-12-04T17:43:02.939+0000] {dag.py:3823} INFO - Setting next_dagrun for udemy_dashboard_TEST to None, run_after=None
[2025-12-04T17:43:02.942+0000] {logging_mixin.py:188} INFO - [2025-12-04T17:43:02.942+0000] {dag.py:3823} INFO - Setting next_dagrun for udemy_price_tracker_daily to 2025-12-03 05:00:00+00:00, run_after=2025-12-04 05:00:00+00:00
[2025-12-04T17:43:02.962+0000] {processor.py:183} INFO - Processing /opt/airflow/dags/udemy_scraping_pipeline.py took 0.101 seconds
[2025-12-04T17:43:33.219+0000] {processor.py:161} INFO - Started process (PID=806) to work on /opt/airflow/dags/udemy_scraping_pipeline.py
[2025-12-04T17:43:33.219+0000] {processor.py:830} INFO - Processing file /opt/airflow/dags/udemy_scraping_pipeline.py for tasks to queue
[2025-12-04T17:43:33.221+0000] {logging_mixin.py:188} INFO - [2025-12-04T17:43:33.221+0000] {dagbag.py:538} INFO - Filling up the DagBag from /opt/airflow/dags/udemy_scraping_pipeline.py
[2025-12-04T17:43:33.245+0000] {processor.py:840} INFO - DAG(s) 'udemy_price_tracker_daily', 'udemy_dashboard_FULL_RUN', 'udemy_dashboard_TEST' retrieved from /opt/airflow/dags/udemy_scraping_pipeline.py
[2025-12-04T17:43:33.275+0000] {logging_mixin.py:188} INFO - [2025-12-04T17:43:33.275+0000] {dag.py:3036} INFO - Sync 3 DAGs
[2025-12-04T17:43:33.293+0000] {logging_mixin.py:188} INFO - [2025-12-04T17:43:33.292+0000] {dag.py:3823} INFO - Setting next_dagrun for udemy_dashboard_FULL_RUN to None, run_after=None
[2025-12-04T17:43:33.296+0000] {logging_mixin.py:188} INFO - [2025-12-04T17:43:33.296+0000] {dag.py:3823} INFO - Setting next_dagrun for udemy_dashboard_TEST to None, run_after=None
[2025-12-04T17:43:33.298+0000] {logging_mixin.py:188} INFO - [2025-12-04T17:43:33.298+0000] {dag.py:3823} INFO - Setting next_dagrun for udemy_price_tracker_daily to 2025-12-03 05:00:00+00:00, run_after=2025-12-04 05:00:00+00:00
[2025-12-04T17:43:33.314+0000] {processor.py:183} INFO - Processing /opt/airflow/dags/udemy_scraping_pipeline.py took 0.099 seconds
[2025-12-04T17:44:03.635+0000] {processor.py:161} INFO - Started process (PID=823) to work on /opt/airflow/dags/udemy_scraping_pipeline.py
[2025-12-04T17:44:03.636+0000] {processor.py:830} INFO - Processing file /opt/airflow/dags/udemy_scraping_pipeline.py for tasks to queue
[2025-12-04T17:44:03.639+0000] {logging_mixin.py:188} INFO - [2025-12-04T17:44:03.638+0000] {dagbag.py:538} INFO - Filling up the DagBag from /opt/airflow/dags/udemy_scraping_pipeline.py
[2025-12-04T17:44:03.664+0000] {processor.py:840} INFO - DAG(s) 'udemy_dashboard_FULL_RUN', 'udemy_price_tracker_daily', 'udemy_dashboard_TEST' retrieved from /opt/airflow/dags/udemy_scraping_pipeline.py
[2025-12-04T17:44:03.706+0000] {logging_mixin.py:188} INFO - [2025-12-04T17:44:03.705+0000] {dag.py:3036} INFO - Sync 3 DAGs
[2025-12-04T17:44:03.733+0000] {logging_mixin.py:188} INFO - [2025-12-04T17:44:03.732+0000] {dag.py:3823} INFO - Setting next_dagrun for udemy_dashboard_FULL_RUN to None, run_after=None
[2025-12-04T17:44:03.737+0000] {logging_mixin.py:188} INFO - [2025-12-04T17:44:03.737+0000] {dag.py:3823} INFO - Setting next_dagrun for udemy_dashboard_TEST to None, run_after=None
[2025-12-04T17:44:03.741+0000] {logging_mixin.py:188} INFO - [2025-12-04T17:44:03.741+0000] {dag.py:3823} INFO - Setting next_dagrun for udemy_price_tracker_daily to 2025-12-03 05:00:00+00:00, run_after=2025-12-04 05:00:00+00:00
[2025-12-04T17:44:03.763+0000] {processor.py:183} INFO - Processing /opt/airflow/dags/udemy_scraping_pipeline.py took 0.131 seconds
[2025-12-04T17:44:34.033+0000] {processor.py:161} INFO - Started process (PID=848) to work on /opt/airflow/dags/udemy_scraping_pipeline.py
[2025-12-04T17:44:34.034+0000] {processor.py:830} INFO - Processing file /opt/airflow/dags/udemy_scraping_pipeline.py for tasks to queue
[2025-12-04T17:44:34.036+0000] {logging_mixin.py:188} INFO - [2025-12-04T17:44:34.036+0000] {dagbag.py:538} INFO - Filling up the DagBag from /opt/airflow/dags/udemy_scraping_pipeline.py
[2025-12-04T17:44:34.059+0000] {processor.py:840} INFO - DAG(s) 'udemy_price_tracker_daily', 'udemy_dashboard_TEST', 'udemy_dashboard_FULL_RUN' retrieved from /opt/airflow/dags/udemy_scraping_pipeline.py
[2025-12-04T17:44:34.089+0000] {logging_mixin.py:188} INFO - [2025-12-04T17:44:34.089+0000] {dag.py:3036} INFO - Sync 3 DAGs
[2025-12-04T17:44:34.108+0000] {logging_mixin.py:188} INFO - [2025-12-04T17:44:34.108+0000] {dag.py:3823} INFO - Setting next_dagrun for udemy_dashboard_FULL_RUN to None, run_after=None
[2025-12-04T17:44:34.111+0000] {logging_mixin.py:188} INFO - [2025-12-04T17:44:34.111+0000] {dag.py:3823} INFO - Setting next_dagrun for udemy_dashboard_TEST to None, run_after=None
[2025-12-04T17:44:34.114+0000] {logging_mixin.py:188} INFO - [2025-12-04T17:44:34.114+0000] {dag.py:3823} INFO - Setting next_dagrun for udemy_price_tracker_daily to 2025-12-03 05:00:00+00:00, run_after=2025-12-04 05:00:00+00:00
[2025-12-04T17:44:34.137+0000] {processor.py:183} INFO - Processing /opt/airflow/dags/udemy_scraping_pipeline.py took 0.108 seconds
[2025-12-04T17:45:04.402+0000] {processor.py:161} INFO - Started process (PID=865) to work on /opt/airflow/dags/udemy_scraping_pipeline.py
[2025-12-04T17:45:04.403+0000] {processor.py:830} INFO - Processing file /opt/airflow/dags/udemy_scraping_pipeline.py for tasks to queue
[2025-12-04T17:45:04.406+0000] {logging_mixin.py:188} INFO - [2025-12-04T17:45:04.405+0000] {dagbag.py:538} INFO - Filling up the DagBag from /opt/airflow/dags/udemy_scraping_pipeline.py
[2025-12-04T17:45:04.427+0000] {processor.py:840} INFO - DAG(s) 'udemy_dashboard_FULL_RUN', 'udemy_dashboard_TEST', 'udemy_price_tracker_daily' retrieved from /opt/airflow/dags/udemy_scraping_pipeline.py
[2025-12-04T17:45:04.456+0000] {logging_mixin.py:188} INFO - [2025-12-04T17:45:04.456+0000] {dag.py:3036} INFO - Sync 3 DAGs
[2025-12-04T17:45:04.474+0000] {logging_mixin.py:188} INFO - [2025-12-04T17:45:04.474+0000] {dag.py:3823} INFO - Setting next_dagrun for udemy_dashboard_FULL_RUN to None, run_after=None
[2025-12-04T17:45:04.477+0000] {logging_mixin.py:188} INFO - [2025-12-04T17:45:04.477+0000] {dag.py:3823} INFO - Setting next_dagrun for udemy_dashboard_TEST to None, run_after=None
[2025-12-04T17:45:04.482+0000] {logging_mixin.py:188} INFO - [2025-12-04T17:45:04.482+0000] {dag.py:3823} INFO - Setting next_dagrun for udemy_price_tracker_daily to 2025-12-03 05:00:00+00:00, run_after=2025-12-04 05:00:00+00:00
[2025-12-04T17:45:04.498+0000] {processor.py:183} INFO - Processing /opt/airflow/dags/udemy_scraping_pipeline.py took 0.100 seconds
[2025-12-04T17:45:34.776+0000] {processor.py:161} INFO - Started process (PID=889) to work on /opt/airflow/dags/udemy_scraping_pipeline.py
[2025-12-04T17:45:34.777+0000] {processor.py:830} INFO - Processing file /opt/airflow/dags/udemy_scraping_pipeline.py for tasks to queue
[2025-12-04T17:45:34.779+0000] {logging_mixin.py:188} INFO - [2025-12-04T17:45:34.779+0000] {dagbag.py:538} INFO - Filling up the DagBag from /opt/airflow/dags/udemy_scraping_pipeline.py
[2025-12-04T17:45:34.806+0000] {processor.py:840} INFO - DAG(s) 'udemy_dashboard_TEST', 'udemy_price_tracker_daily', 'udemy_dashboard_FULL_RUN' retrieved from /opt/airflow/dags/udemy_scraping_pipeline.py
[2025-12-04T17:45:34.841+0000] {logging_mixin.py:188} INFO - [2025-12-04T17:45:34.841+0000] {dag.py:3036} INFO - Sync 3 DAGs
[2025-12-04T17:45:34.863+0000] {logging_mixin.py:188} INFO - [2025-12-04T17:45:34.862+0000] {dag.py:3823} INFO - Setting next_dagrun for udemy_dashboard_FULL_RUN to None, run_after=None
[2025-12-04T17:45:34.875+0000] {logging_mixin.py:188} INFO - [2025-12-04T17:45:34.875+0000] {dag.py:3823} INFO - Setting next_dagrun for udemy_dashboard_TEST to None, run_after=None
[2025-12-04T17:45:34.878+0000] {logging_mixin.py:188} INFO - [2025-12-04T17:45:34.878+0000] {dag.py:3823} INFO - Setting next_dagrun for udemy_price_tracker_daily to 2025-12-03 05:00:00+00:00, run_after=2025-12-04 05:00:00+00:00
[2025-12-04T17:45:34.901+0000] {processor.py:183} INFO - Processing /opt/airflow/dags/udemy_scraping_pipeline.py took 0.129 seconds
[2025-12-04T17:46:05.140+0000] {processor.py:161} INFO - Started process (PID=906) to work on /opt/airflow/dags/udemy_scraping_pipeline.py
[2025-12-04T17:46:05.141+0000] {processor.py:830} INFO - Processing file /opt/airflow/dags/udemy_scraping_pipeline.py for tasks to queue
[2025-12-04T17:46:05.143+0000] {logging_mixin.py:188} INFO - [2025-12-04T17:46:05.143+0000] {dagbag.py:538} INFO - Filling up the DagBag from /opt/airflow/dags/udemy_scraping_pipeline.py
[2025-12-04T17:46:05.166+0000] {processor.py:840} INFO - DAG(s) 'udemy_dashboard_TEST', 'udemy_price_tracker_daily', 'udemy_dashboard_FULL_RUN' retrieved from /opt/airflow/dags/udemy_scraping_pipeline.py
[2025-12-04T17:46:05.196+0000] {logging_mixin.py:188} INFO - [2025-12-04T17:46:05.195+0000] {dag.py:3036} INFO - Sync 3 DAGs
[2025-12-04T17:46:05.213+0000] {logging_mixin.py:188} INFO - [2025-12-04T17:46:05.213+0000] {dag.py:3823} INFO - Setting next_dagrun for udemy_dashboard_FULL_RUN to None, run_after=None
[2025-12-04T17:46:05.217+0000] {logging_mixin.py:188} INFO - [2025-12-04T17:46:05.217+0000] {dag.py:3823} INFO - Setting next_dagrun for udemy_dashboard_TEST to None, run_after=None
[2025-12-04T17:46:05.220+0000] {logging_mixin.py:188} INFO - [2025-12-04T17:46:05.220+0000] {dag.py:3823} INFO - Setting next_dagrun for udemy_price_tracker_daily to 2025-12-03 05:00:00+00:00, run_after=2025-12-04 05:00:00+00:00
[2025-12-04T17:46:05.236+0000] {processor.py:183} INFO - Processing /opt/airflow/dags/udemy_scraping_pipeline.py took 0.099 seconds
[2025-12-04T17:46:35.545+0000] {processor.py:161} INFO - Started process (PID=923) to work on /opt/airflow/dags/udemy_scraping_pipeline.py
[2025-12-04T17:46:35.546+0000] {processor.py:830} INFO - Processing file /opt/airflow/dags/udemy_scraping_pipeline.py for tasks to queue
[2025-12-04T17:46:35.549+0000] {logging_mixin.py:188} INFO - [2025-12-04T17:46:35.548+0000] {dagbag.py:538} INFO - Filling up the DagBag from /opt/airflow/dags/udemy_scraping_pipeline.py
[2025-12-04T17:46:35.580+0000] {processor.py:840} INFO - DAG(s) 'udemy_price_tracker_daily', 'udemy_dashboard_FULL_RUN', 'udemy_dashboard_TEST' retrieved from /opt/airflow/dags/udemy_scraping_pipeline.py
[2025-12-04T17:46:35.613+0000] {logging_mixin.py:188} INFO - [2025-12-04T17:46:35.612+0000] {dag.py:3036} INFO - Sync 3 DAGs
[2025-12-04T17:46:35.634+0000] {logging_mixin.py:188} INFO - [2025-12-04T17:46:35.634+0000] {dag.py:3823} INFO - Setting next_dagrun for udemy_dashboard_FULL_RUN to None, run_after=None
[2025-12-04T17:46:35.637+0000] {logging_mixin.py:188} INFO - [2025-12-04T17:46:35.637+0000] {dag.py:3823} INFO - Setting next_dagrun for udemy_dashboard_TEST to None, run_after=None
[2025-12-04T17:46:35.640+0000] {logging_mixin.py:188} INFO - [2025-12-04T17:46:35.640+0000] {dag.py:3823} INFO - Setting next_dagrun for udemy_price_tracker_daily to 2025-12-03 05:00:00+00:00, run_after=2025-12-04 05:00:00+00:00
[2025-12-04T17:46:35.659+0000] {processor.py:183} INFO - Processing /opt/airflow/dags/udemy_scraping_pipeline.py took 0.119 seconds
[2025-12-04T17:47:05.920+0000] {processor.py:161} INFO - Started process (PID=947) to work on /opt/airflow/dags/udemy_scraping_pipeline.py
[2025-12-04T17:47:05.921+0000] {processor.py:830} INFO - Processing file /opt/airflow/dags/udemy_scraping_pipeline.py for tasks to queue
[2025-12-04T17:47:05.924+0000] {logging_mixin.py:188} INFO - [2025-12-04T17:47:05.923+0000] {dagbag.py:538} INFO - Filling up the DagBag from /opt/airflow/dags/udemy_scraping_pipeline.py
[2025-12-04T17:47:05.957+0000] {processor.py:840} INFO - DAG(s) 'udemy_dashboard_FULL_RUN', 'udemy_dashboard_TEST', 'udemy_price_tracker_daily' retrieved from /opt/airflow/dags/udemy_scraping_pipeline.py
[2025-12-04T17:47:06.010+0000] {logging_mixin.py:188} INFO - [2025-12-04T17:47:06.009+0000] {dag.py:3036} INFO - Sync 3 DAGs
[2025-12-04T17:47:06.039+0000] {logging_mixin.py:188} INFO - [2025-12-04T17:47:06.039+0000] {dag.py:3823} INFO - Setting next_dagrun for udemy_dashboard_FULL_RUN to None, run_after=None
[2025-12-04T17:47:06.044+0000] {logging_mixin.py:188} INFO - [2025-12-04T17:47:06.044+0000] {dag.py:3823} INFO - Setting next_dagrun for udemy_dashboard_TEST to None, run_after=None
[2025-12-04T17:47:06.049+0000] {logging_mixin.py:188} INFO - [2025-12-04T17:47:06.049+0000] {dag.py:3823} INFO - Setting next_dagrun for udemy_price_tracker_daily to 2025-12-03 05:00:00+00:00, run_after=2025-12-04 05:00:00+00:00
[2025-12-04T17:47:06.074+0000] {processor.py:183} INFO - Processing /opt/airflow/dags/udemy_scraping_pipeline.py took 0.158 seconds
[2025-12-04T17:47:36.350+0000] {processor.py:161} INFO - Started process (PID=964) to work on /opt/airflow/dags/udemy_scraping_pipeline.py
[2025-12-04T17:47:36.351+0000] {processor.py:830} INFO - Processing file /opt/airflow/dags/udemy_scraping_pipeline.py for tasks to queue
[2025-12-04T17:47:36.353+0000] {logging_mixin.py:188} INFO - [2025-12-04T17:47:36.352+0000] {dagbag.py:538} INFO - Filling up the DagBag from /opt/airflow/dags/udemy_scraping_pipeline.py
[2025-12-04T17:47:36.416+0000] {processor.py:840} INFO - DAG(s) 'udemy_dashboard_TEST', 'udemy_price_tracker_daily', 'udemy_dashboard_FULL_RUN' retrieved from /opt/airflow/dags/udemy_scraping_pipeline.py
[2025-12-04T17:47:36.455+0000] {logging_mixin.py:188} INFO - [2025-12-04T17:47:36.454+0000] {dag.py:3036} INFO - Sync 3 DAGs
[2025-12-04T17:47:36.484+0000] {logging_mixin.py:188} INFO - [2025-12-04T17:47:36.484+0000] {dag.py:3823} INFO - Setting next_dagrun for udemy_dashboard_FULL_RUN to None, run_after=None
[2025-12-04T17:47:36.488+0000] {logging_mixin.py:188} INFO - [2025-12-04T17:47:36.487+0000] {dag.py:3823} INFO - Setting next_dagrun for udemy_dashboard_TEST to None, run_after=None
[2025-12-04T17:47:36.493+0000] {logging_mixin.py:188} INFO - [2025-12-04T17:47:36.493+0000] {dag.py:3823} INFO - Setting next_dagrun for udemy_price_tracker_daily to 2025-12-03 05:00:00+00:00, run_after=2025-12-04 05:00:00+00:00
[2025-12-04T17:47:36.515+0000] {processor.py:183} INFO - Processing /opt/airflow/dags/udemy_scraping_pipeline.py took 0.169 seconds
[2025-12-04T17:48:06.899+0000] {processor.py:161} INFO - Started process (PID=988) to work on /opt/airflow/dags/udemy_scraping_pipeline.py
[2025-12-04T17:48:06.900+0000] {processor.py:830} INFO - Processing file /opt/airflow/dags/udemy_scraping_pipeline.py for tasks to queue
[2025-12-04T17:48:06.907+0000] {logging_mixin.py:188} INFO - [2025-12-04T17:48:06.906+0000] {dagbag.py:538} INFO - Filling up the DagBag from /opt/airflow/dags/udemy_scraping_pipeline.py
[2025-12-04T17:48:06.934+0000] {processor.py:840} INFO - DAG(s) 'udemy_price_tracker_daily', 'udemy_dashboard_TEST', 'udemy_dashboard_FULL_RUN' retrieved from /opt/airflow/dags/udemy_scraping_pipeline.py
[2025-12-04T17:48:06.969+0000] {logging_mixin.py:188} INFO - [2025-12-04T17:48:06.969+0000] {dag.py:3036} INFO - Sync 3 DAGs
[2025-12-04T17:48:06.994+0000] {logging_mixin.py:188} INFO - [2025-12-04T17:48:06.993+0000] {dag.py:3823} INFO - Setting next_dagrun for udemy_dashboard_FULL_RUN to None, run_after=None
[2025-12-04T17:48:06.998+0000] {logging_mixin.py:188} INFO - [2025-12-04T17:48:06.998+0000] {dag.py:3823} INFO - Setting next_dagrun for udemy_dashboard_TEST to None, run_after=None
[2025-12-04T17:48:07.001+0000] {logging_mixin.py:188} INFO - [2025-12-04T17:48:07.000+0000] {dag.py:3823} INFO - Setting next_dagrun for udemy_price_tracker_daily to 2025-12-03 05:00:00+00:00, run_after=2025-12-04 05:00:00+00:00
[2025-12-04T17:48:07.022+0000] {processor.py:183} INFO - Processing /opt/airflow/dags/udemy_scraping_pipeline.py took 0.133 seconds
[2025-12-04T17:48:37.273+0000] {processor.py:161} INFO - Started process (PID=1005) to work on /opt/airflow/dags/udemy_scraping_pipeline.py
[2025-12-04T17:48:37.274+0000] {processor.py:830} INFO - Processing file /opt/airflow/dags/udemy_scraping_pipeline.py for tasks to queue
[2025-12-04T17:48:37.277+0000] {logging_mixin.py:188} INFO - [2025-12-04T17:48:37.276+0000] {dagbag.py:538} INFO - Filling up the DagBag from /opt/airflow/dags/udemy_scraping_pipeline.py
[2025-12-04T17:48:37.299+0000] {processor.py:840} INFO - DAG(s) 'udemy_dashboard_FULL_RUN', 'udemy_price_tracker_daily', 'udemy_dashboard_TEST' retrieved from /opt/airflow/dags/udemy_scraping_pipeline.py
[2025-12-04T17:48:37.329+0000] {logging_mixin.py:188} INFO - [2025-12-04T17:48:37.329+0000] {dag.py:3036} INFO - Sync 3 DAGs
[2025-12-04T17:48:37.348+0000] {logging_mixin.py:188} INFO - [2025-12-04T17:48:37.348+0000] {dag.py:3823} INFO - Setting next_dagrun for udemy_dashboard_FULL_RUN to None, run_after=None
[2025-12-04T17:48:37.352+0000] {logging_mixin.py:188} INFO - [2025-12-04T17:48:37.351+0000] {dag.py:3823} INFO - Setting next_dagrun for udemy_dashboard_TEST to None, run_after=None
[2025-12-04T17:48:37.355+0000] {logging_mixin.py:188} INFO - [2025-12-04T17:48:37.354+0000] {dag.py:3823} INFO - Setting next_dagrun for udemy_price_tracker_daily to 2025-12-03 05:00:00+00:00, run_after=2025-12-04 05:00:00+00:00
[2025-12-04T17:48:37.370+0000] {processor.py:183} INFO - Processing /opt/airflow/dags/udemy_scraping_pipeline.py took 0.101 seconds
[2025-12-04T17:49:07.691+0000] {processor.py:161} INFO - Started process (PID=1029) to work on /opt/airflow/dags/udemy_scraping_pipeline.py
[2025-12-04T17:49:07.692+0000] {processor.py:830} INFO - Processing file /opt/airflow/dags/udemy_scraping_pipeline.py for tasks to queue
[2025-12-04T17:49:07.694+0000] {logging_mixin.py:188} INFO - [2025-12-04T17:49:07.694+0000] {dagbag.py:538} INFO - Filling up the DagBag from /opt/airflow/dags/udemy_scraping_pipeline.py
[2025-12-04T17:49:07.721+0000] {processor.py:840} INFO - DAG(s) 'udemy_price_tracker_daily', 'udemy_dashboard_TEST', 'udemy_dashboard_FULL_RUN' retrieved from /opt/airflow/dags/udemy_scraping_pipeline.py
[2025-12-04T17:49:07.757+0000] {logging_mixin.py:188} INFO - [2025-12-04T17:49:07.757+0000] {dag.py:3036} INFO - Sync 3 DAGs
[2025-12-04T17:49:07.777+0000] {logging_mixin.py:188} INFO - [2025-12-04T17:49:07.777+0000] {dag.py:3823} INFO - Setting next_dagrun for udemy_dashboard_FULL_RUN to None, run_after=None
[2025-12-04T17:49:07.781+0000] {logging_mixin.py:188} INFO - [2025-12-04T17:49:07.781+0000] {dag.py:3823} INFO - Setting next_dagrun for udemy_dashboard_TEST to None, run_after=None
[2025-12-04T17:49:07.789+0000] {logging_mixin.py:188} INFO - [2025-12-04T17:49:07.789+0000] {dag.py:3823} INFO - Setting next_dagrun for udemy_price_tracker_daily to 2025-12-03 05:00:00+00:00, run_after=2025-12-04 05:00:00+00:00
[2025-12-04T17:49:07.806+0000] {processor.py:183} INFO - Processing /opt/airflow/dags/udemy_scraping_pipeline.py took 0.118 seconds
[2025-12-04T17:49:38.132+0000] {processor.py:161} INFO - Started process (PID=1046) to work on /opt/airflow/dags/udemy_scraping_pipeline.py
[2025-12-04T17:49:38.133+0000] {processor.py:830} INFO - Processing file /opt/airflow/dags/udemy_scraping_pipeline.py for tasks to queue
[2025-12-04T17:49:38.136+0000] {logging_mixin.py:188} INFO - [2025-12-04T17:49:38.135+0000] {dagbag.py:538} INFO - Filling up the DagBag from /opt/airflow/dags/udemy_scraping_pipeline.py
[2025-12-04T17:49:38.172+0000] {processor.py:840} INFO - DAG(s) 'udemy_dashboard_FULL_RUN', 'udemy_price_tracker_daily', 'udemy_dashboard_TEST' retrieved from /opt/airflow/dags/udemy_scraping_pipeline.py
[2025-12-04T17:49:38.217+0000] {logging_mixin.py:188} INFO - [2025-12-04T17:49:38.216+0000] {dag.py:3036} INFO - Sync 3 DAGs
[2025-12-04T17:49:38.255+0000] {logging_mixin.py:188} INFO - [2025-12-04T17:49:38.255+0000] {dag.py:3823} INFO - Setting next_dagrun for udemy_dashboard_FULL_RUN to None, run_after=None
[2025-12-04T17:49:38.268+0000] {logging_mixin.py:188} INFO - [2025-12-04T17:49:38.268+0000] {dag.py:3823} INFO - Setting next_dagrun for udemy_dashboard_TEST to None, run_after=None
[2025-12-04T17:49:38.289+0000] {logging_mixin.py:188} INFO - [2025-12-04T17:49:38.288+0000] {dag.py:3823} INFO - Setting next_dagrun for udemy_price_tracker_daily to 2025-12-03 05:00:00+00:00, run_after=2025-12-04 05:00:00+00:00
[2025-12-04T17:49:38.313+0000] {processor.py:183} INFO - Processing /opt/airflow/dags/udemy_scraping_pipeline.py took 0.185 seconds
[2025-12-04T17:50:08.703+0000] {processor.py:161} INFO - Started process (PID=1063) to work on /opt/airflow/dags/udemy_scraping_pipeline.py
[2025-12-04T17:50:08.704+0000] {processor.py:830} INFO - Processing file /opt/airflow/dags/udemy_scraping_pipeline.py for tasks to queue
[2025-12-04T17:50:08.707+0000] {logging_mixin.py:188} INFO - [2025-12-04T17:50:08.706+0000] {dagbag.py:538} INFO - Filling up the DagBag from /opt/airflow/dags/udemy_scraping_pipeline.py
[2025-12-04T17:50:08.730+0000] {processor.py:840} INFO - DAG(s) 'udemy_dashboard_TEST', 'udemy_dashboard_FULL_RUN', 'udemy_price_tracker_daily' retrieved from /opt/airflow/dags/udemy_scraping_pipeline.py
[2025-12-04T17:50:08.759+0000] {logging_mixin.py:188} INFO - [2025-12-04T17:50:08.759+0000] {dag.py:3036} INFO - Sync 3 DAGs
[2025-12-04T17:50:08.777+0000] {logging_mixin.py:188} INFO - [2025-12-04T17:50:08.777+0000] {dag.py:3823} INFO - Setting next_dagrun for udemy_dashboard_FULL_RUN to None, run_after=None
[2025-12-04T17:50:08.780+0000] {logging_mixin.py:188} INFO - [2025-12-04T17:50:08.780+0000] {dag.py:3823} INFO - Setting next_dagrun for udemy_dashboard_TEST to None, run_after=None
[2025-12-04T17:50:08.783+0000] {logging_mixin.py:188} INFO - [2025-12-04T17:50:08.783+0000] {dag.py:3823} INFO - Setting next_dagrun for udemy_price_tracker_daily to 2025-12-03 05:00:00+00:00, run_after=2025-12-04 05:00:00+00:00
[2025-12-04T17:50:08.799+0000] {processor.py:183} INFO - Processing /opt/airflow/dags/udemy_scraping_pipeline.py took 0.099 seconds
[2025-12-04T17:50:39.051+0000] {processor.py:161} INFO - Started process (PID=1088) to work on /opt/airflow/dags/udemy_scraping_pipeline.py
[2025-12-04T17:50:39.052+0000] {processor.py:830} INFO - Processing file /opt/airflow/dags/udemy_scraping_pipeline.py for tasks to queue
[2025-12-04T17:50:39.054+0000] {logging_mixin.py:188} INFO - [2025-12-04T17:50:39.054+0000] {dagbag.py:538} INFO - Filling up the DagBag from /opt/airflow/dags/udemy_scraping_pipeline.py
[2025-12-04T17:50:39.078+0000] {processor.py:840} INFO - DAG(s) 'udemy_dashboard_TEST', 'udemy_price_tracker_daily', 'udemy_dashboard_FULL_RUN' retrieved from /opt/airflow/dags/udemy_scraping_pipeline.py
[2025-12-04T17:50:39.108+0000] {logging_mixin.py:188} INFO - [2025-12-04T17:50:39.108+0000] {dag.py:3036} INFO - Sync 3 DAGs
[2025-12-04T17:50:39.126+0000] {logging_mixin.py:188} INFO - [2025-12-04T17:50:39.126+0000] {dag.py:3823} INFO - Setting next_dagrun for udemy_dashboard_FULL_RUN to None, run_after=None
[2025-12-04T17:50:39.130+0000] {logging_mixin.py:188} INFO - [2025-12-04T17:50:39.130+0000] {dag.py:3823} INFO - Setting next_dagrun for udemy_dashboard_TEST to None, run_after=None
[2025-12-04T17:50:39.134+0000] {logging_mixin.py:188} INFO - [2025-12-04T17:50:39.134+0000] {dag.py:3823} INFO - Setting next_dagrun for udemy_price_tracker_daily to 2025-12-03 05:00:00+00:00, run_after=2025-12-04 05:00:00+00:00
[2025-12-04T17:50:39.153+0000] {processor.py:183} INFO - Processing /opt/airflow/dags/udemy_scraping_pipeline.py took 0.105 seconds
[2025-12-04T17:51:09.404+0000] {processor.py:161} INFO - Started process (PID=1106) to work on /opt/airflow/dags/udemy_scraping_pipeline.py
[2025-12-04T17:51:09.405+0000] {processor.py:830} INFO - Processing file /opt/airflow/dags/udemy_scraping_pipeline.py for tasks to queue
[2025-12-04T17:51:09.407+0000] {logging_mixin.py:188} INFO - [2025-12-04T17:51:09.407+0000] {dagbag.py:538} INFO - Filling up the DagBag from /opt/airflow/dags/udemy_scraping_pipeline.py
[2025-12-04T17:51:09.432+0000] {processor.py:840} INFO - DAG(s) 'udemy_dashboard_TEST', 'udemy_price_tracker_daily', 'udemy_dashboard_FULL_RUN' retrieved from /opt/airflow/dags/udemy_scraping_pipeline.py
[2025-12-04T17:51:09.462+0000] {logging_mixin.py:188} INFO - [2025-12-04T17:51:09.462+0000] {dag.py:3036} INFO - Sync 3 DAGs
[2025-12-04T17:51:09.481+0000] {logging_mixin.py:188} INFO - [2025-12-04T17:51:09.481+0000] {dag.py:3823} INFO - Setting next_dagrun for udemy_dashboard_FULL_RUN to None, run_after=None
[2025-12-04T17:51:09.486+0000] {logging_mixin.py:188} INFO - [2025-12-04T17:51:09.486+0000] {dag.py:3823} INFO - Setting next_dagrun for udemy_dashboard_TEST to None, run_after=None
[2025-12-04T17:51:09.489+0000] {logging_mixin.py:188} INFO - [2025-12-04T17:51:09.489+0000] {dag.py:3823} INFO - Setting next_dagrun for udemy_price_tracker_daily to 2025-12-03 05:00:00+00:00, run_after=2025-12-04 05:00:00+00:00
[2025-12-04T17:51:09.507+0000] {processor.py:183} INFO - Processing /opt/airflow/dags/udemy_scraping_pipeline.py took 0.106 seconds
[2025-12-04T17:51:39.778+0000] {processor.py:161} INFO - Started process (PID=1131) to work on /opt/airflow/dags/udemy_scraping_pipeline.py
[2025-12-04T17:51:39.779+0000] {processor.py:830} INFO - Processing file /opt/airflow/dags/udemy_scraping_pipeline.py for tasks to queue
[2025-12-04T17:51:39.781+0000] {logging_mixin.py:188} INFO - [2025-12-04T17:51:39.780+0000] {dagbag.py:538} INFO - Filling up the DagBag from /opt/airflow/dags/udemy_scraping_pipeline.py
[2025-12-04T17:51:39.820+0000] {processor.py:840} INFO - DAG(s) 'udemy_dashboard_FULL_RUN', 'udemy_price_tracker_daily', 'udemy_dashboard_TEST' retrieved from /opt/airflow/dags/udemy_scraping_pipeline.py
[2025-12-04T17:51:39.864+0000] {logging_mixin.py:188} INFO - [2025-12-04T17:51:39.864+0000] {dag.py:3036} INFO - Sync 3 DAGs
[2025-12-04T17:51:39.888+0000] {logging_mixin.py:188} INFO - [2025-12-04T17:51:39.888+0000] {dag.py:3823} INFO - Setting next_dagrun for udemy_dashboard_FULL_RUN to None, run_after=None
[2025-12-04T17:51:39.891+0000] {logging_mixin.py:188} INFO - [2025-12-04T17:51:39.891+0000] {dag.py:3823} INFO - Setting next_dagrun for udemy_dashboard_TEST to None, run_after=None
[2025-12-04T17:51:39.894+0000] {logging_mixin.py:188} INFO - [2025-12-04T17:51:39.894+0000] {dag.py:3823} INFO - Setting next_dagrun for udemy_price_tracker_daily to 2025-12-03 05:00:00+00:00, run_after=2025-12-04 05:00:00+00:00
[2025-12-04T17:51:39.911+0000] {processor.py:183} INFO - Processing /opt/airflow/dags/udemy_scraping_pipeline.py took 0.138 seconds
[2025-12-04T17:52:10.163+0000] {processor.py:161} INFO - Started process (PID=1148) to work on /opt/airflow/dags/udemy_scraping_pipeline.py
[2025-12-04T17:52:10.164+0000] {processor.py:830} INFO - Processing file /opt/airflow/dags/udemy_scraping_pipeline.py for tasks to queue
[2025-12-04T17:52:10.166+0000] {logging_mixin.py:188} INFO - [2025-12-04T17:52:10.166+0000] {dagbag.py:538} INFO - Filling up the DagBag from /opt/airflow/dags/udemy_scraping_pipeline.py
[2025-12-04T17:52:10.190+0000] {processor.py:840} INFO - DAG(s) 'udemy_dashboard_FULL_RUN', 'udemy_price_tracker_daily', 'udemy_dashboard_TEST' retrieved from /opt/airflow/dags/udemy_scraping_pipeline.py
[2025-12-04T17:52:10.221+0000] {logging_mixin.py:188} INFO - [2025-12-04T17:52:10.221+0000] {dag.py:3036} INFO - Sync 3 DAGs
[2025-12-04T17:52:10.240+0000] {logging_mixin.py:188} INFO - [2025-12-04T17:52:10.240+0000] {dag.py:3823} INFO - Setting next_dagrun for udemy_dashboard_FULL_RUN to None, run_after=None
[2025-12-04T17:52:10.244+0000] {logging_mixin.py:188} INFO - [2025-12-04T17:52:10.244+0000] {dag.py:3823} INFO - Setting next_dagrun for udemy_dashboard_TEST to None, run_after=None
[2025-12-04T17:52:10.247+0000] {logging_mixin.py:188} INFO - [2025-12-04T17:52:10.247+0000] {dag.py:3823} INFO - Setting next_dagrun for udemy_price_tracker_daily to 2025-12-03 05:00:00+00:00, run_after=2025-12-04 05:00:00+00:00
[2025-12-04T17:52:10.266+0000] {processor.py:183} INFO - Processing /opt/airflow/dags/udemy_scraping_pipeline.py took 0.106 seconds
[2025-12-04T17:52:40.523+0000] {processor.py:161} INFO - Started process (PID=1165) to work on /opt/airflow/dags/udemy_scraping_pipeline.py
[2025-12-04T17:52:40.524+0000] {processor.py:830} INFO - Processing file /opt/airflow/dags/udemy_scraping_pipeline.py for tasks to queue
[2025-12-04T17:52:40.526+0000] {logging_mixin.py:188} INFO - [2025-12-04T17:52:40.526+0000] {dagbag.py:538} INFO - Filling up the DagBag from /opt/airflow/dags/udemy_scraping_pipeline.py
[2025-12-04T17:52:40.555+0000] {processor.py:840} INFO - DAG(s) 'udemy_dashboard_FULL_RUN', 'udemy_dashboard_TEST', 'udemy_price_tracker_daily' retrieved from /opt/airflow/dags/udemy_scraping_pipeline.py
[2025-12-04T17:52:40.591+0000] {logging_mixin.py:188} INFO - [2025-12-04T17:52:40.591+0000] {dag.py:3036} INFO - Sync 3 DAGs
[2025-12-04T17:52:40.613+0000] {logging_mixin.py:188} INFO - [2025-12-04T17:52:40.613+0000] {dag.py:3823} INFO - Setting next_dagrun for udemy_dashboard_FULL_RUN to None, run_after=None
[2025-12-04T17:52:40.617+0000] {logging_mixin.py:188} INFO - [2025-12-04T17:52:40.617+0000] {dag.py:3823} INFO - Setting next_dagrun for udemy_dashboard_TEST to None, run_after=None
[2025-12-04T17:52:40.622+0000] {logging_mixin.py:188} INFO - [2025-12-04T17:52:40.621+0000] {dag.py:3823} INFO - Setting next_dagrun for udemy_price_tracker_daily to 2025-12-03 05:00:00+00:00, run_after=2025-12-04 05:00:00+00:00
[2025-12-04T17:52:40.645+0000] {processor.py:183} INFO - Processing /opt/airflow/dags/udemy_scraping_pipeline.py took 0.126 seconds
[2025-12-04T17:53:10.909+0000] {processor.py:161} INFO - Started process (PID=1189) to work on /opt/airflow/dags/udemy_scraping_pipeline.py
[2025-12-04T17:53:10.910+0000] {processor.py:830} INFO - Processing file /opt/airflow/dags/udemy_scraping_pipeline.py for tasks to queue
[2025-12-04T17:53:10.912+0000] {logging_mixin.py:188} INFO - [2025-12-04T17:53:10.912+0000] {dagbag.py:538} INFO - Filling up the DagBag from /opt/airflow/dags/udemy_scraping_pipeline.py
[2025-12-04T17:53:10.938+0000] {processor.py:840} INFO - DAG(s) 'udemy_dashboard_FULL_RUN', 'udemy_price_tracker_daily', 'udemy_dashboard_TEST' retrieved from /opt/airflow/dags/udemy_scraping_pipeline.py
[2025-12-04T17:53:10.970+0000] {logging_mixin.py:188} INFO - [2025-12-04T17:53:10.970+0000] {dag.py:3036} INFO - Sync 3 DAGs
[2025-12-04T17:53:10.990+0000] {logging_mixin.py:188} INFO - [2025-12-04T17:53:10.989+0000] {dag.py:3823} INFO - Setting next_dagrun for udemy_dashboard_FULL_RUN to None, run_after=None
[2025-12-04T17:53:10.995+0000] {logging_mixin.py:188} INFO - [2025-12-04T17:53:10.995+0000] {dag.py:3823} INFO - Setting next_dagrun for udemy_dashboard_TEST to None, run_after=None
[2025-12-04T17:53:10.999+0000] {logging_mixin.py:188} INFO - [2025-12-04T17:53:10.999+0000] {dag.py:3823} INFO - Setting next_dagrun for udemy_price_tracker_daily to 2025-12-03 05:00:00+00:00, run_after=2025-12-04 05:00:00+00:00
[2025-12-04T17:53:11.018+0000] {processor.py:183} INFO - Processing /opt/airflow/dags/udemy_scraping_pipeline.py took 0.113 seconds
[2025-12-04T17:53:41.280+0000] {processor.py:161} INFO - Started process (PID=1207) to work on /opt/airflow/dags/udemy_scraping_pipeline.py
[2025-12-04T17:53:41.281+0000] {processor.py:830} INFO - Processing file /opt/airflow/dags/udemy_scraping_pipeline.py for tasks to queue
[2025-12-04T17:53:41.284+0000] {logging_mixin.py:188} INFO - [2025-12-04T17:53:41.283+0000] {dagbag.py:538} INFO - Filling up the DagBag from /opt/airflow/dags/udemy_scraping_pipeline.py
[2025-12-04T17:53:41.309+0000] {processor.py:840} INFO - DAG(s) 'udemy_price_tracker_daily', 'udemy_dashboard_FULL_RUN', 'udemy_dashboard_TEST' retrieved from /opt/airflow/dags/udemy_scraping_pipeline.py
[2025-12-04T17:53:41.340+0000] {logging_mixin.py:188} INFO - [2025-12-04T17:53:41.340+0000] {dag.py:3036} INFO - Sync 3 DAGs
[2025-12-04T17:53:41.358+0000] {logging_mixin.py:188} INFO - [2025-12-04T17:53:41.358+0000] {dag.py:3823} INFO - Setting next_dagrun for udemy_dashboard_FULL_RUN to None, run_after=None
[2025-12-04T17:53:41.362+0000] {logging_mixin.py:188} INFO - [2025-12-04T17:53:41.361+0000] {dag.py:3823} INFO - Setting next_dagrun for udemy_dashboard_TEST to None, run_after=None
[2025-12-04T17:53:41.365+0000] {logging_mixin.py:188} INFO - [2025-12-04T17:53:41.365+0000] {dag.py:3823} INFO - Setting next_dagrun for udemy_price_tracker_daily to 2025-12-03 05:00:00+00:00, run_after=2025-12-04 05:00:00+00:00
[2025-12-04T17:53:41.387+0000] {processor.py:183} INFO - Processing /opt/airflow/dags/udemy_scraping_pipeline.py took 0.110 seconds
[2025-12-04T17:54:11.700+0000] {processor.py:161} INFO - Started process (PID=1231) to work on /opt/airflow/dags/udemy_scraping_pipeline.py
[2025-12-04T17:54:11.701+0000] {processor.py:830} INFO - Processing file /opt/airflow/dags/udemy_scraping_pipeline.py for tasks to queue
[2025-12-04T17:54:11.703+0000] {logging_mixin.py:188} INFO - [2025-12-04T17:54:11.702+0000] {dagbag.py:538} INFO - Filling up the DagBag from /opt/airflow/dags/udemy_scraping_pipeline.py
[2025-12-04T17:54:11.725+0000] {processor.py:840} INFO - DAG(s) 'udemy_price_tracker_daily', 'udemy_dashboard_FULL_RUN', 'udemy_dashboard_TEST' retrieved from /opt/airflow/dags/udemy_scraping_pipeline.py
[2025-12-04T17:54:11.753+0000] {logging_mixin.py:188} INFO - [2025-12-04T17:54:11.753+0000] {dag.py:3036} INFO - Sync 3 DAGs
[2025-12-04T17:54:11.771+0000] {logging_mixin.py:188} INFO - [2025-12-04T17:54:11.771+0000] {dag.py:3823} INFO - Setting next_dagrun for udemy_dashboard_FULL_RUN to None, run_after=None
[2025-12-04T17:54:11.774+0000] {logging_mixin.py:188} INFO - [2025-12-04T17:54:11.774+0000] {dag.py:3823} INFO - Setting next_dagrun for udemy_dashboard_TEST to None, run_after=None
[2025-12-04T17:54:11.781+0000] {logging_mixin.py:188} INFO - [2025-12-04T17:54:11.780+0000] {dag.py:3823} INFO - Setting next_dagrun for udemy_price_tracker_daily to 2025-12-03 05:00:00+00:00, run_after=2025-12-04 05:00:00+00:00
[2025-12-04T17:54:11.797+0000] {processor.py:183} INFO - Processing /opt/airflow/dags/udemy_scraping_pipeline.py took 0.101 seconds
[2025-12-04T17:54:42.044+0000] {processor.py:161} INFO - Started process (PID=1248) to work on /opt/airflow/dags/udemy_scraping_pipeline.py
[2025-12-04T17:54:42.046+0000] {processor.py:830} INFO - Processing file /opt/airflow/dags/udemy_scraping_pipeline.py for tasks to queue
[2025-12-04T17:54:42.049+0000] {logging_mixin.py:188} INFO - [2025-12-04T17:54:42.049+0000] {dagbag.py:538} INFO - Filling up the DagBag from /opt/airflow/dags/udemy_scraping_pipeline.py
[2025-12-04T17:54:42.073+0000] {processor.py:840} INFO - DAG(s) 'udemy_dashboard_FULL_RUN', 'udemy_price_tracker_daily', 'udemy_dashboard_TEST' retrieved from /opt/airflow/dags/udemy_scraping_pipeline.py
[2025-12-04T17:54:42.105+0000] {logging_mixin.py:188} INFO - [2025-12-04T17:54:42.104+0000] {dag.py:3036} INFO - Sync 3 DAGs
[2025-12-04T17:54:42.125+0000] {logging_mixin.py:188} INFO - [2025-12-04T17:54:42.124+0000] {dag.py:3823} INFO - Setting next_dagrun for udemy_dashboard_FULL_RUN to None, run_after=None
[2025-12-04T17:54:42.128+0000] {logging_mixin.py:188} INFO - [2025-12-04T17:54:42.128+0000] {dag.py:3823} INFO - Setting next_dagrun for udemy_dashboard_TEST to None, run_after=None
[2025-12-04T17:54:42.131+0000] {logging_mixin.py:188} INFO - [2025-12-04T17:54:42.131+0000] {dag.py:3823} INFO - Setting next_dagrun for udemy_price_tracker_daily to 2025-12-03 05:00:00+00:00, run_after=2025-12-04 05:00:00+00:00
[2025-12-04T17:54:42.150+0000] {processor.py:183} INFO - Processing /opt/airflow/dags/udemy_scraping_pipeline.py took 0.109 seconds
